[0.013s] Invoking command in '/home/moose/ros2_ws/src/build/scara_bringup': CMAKE_PREFIX_PATH=${CMAKE_PREFIX_PATH}:/opt/ros/humble /usr/bin/cmake --build /home/moose/ros2_ws/src/build/scara_bringup -- -j8 -l8
[0.047s] Invoked command in '/home/moose/ros2_ws/src/build/scara_bringup' returned '0': CMAKE_PREFIX_PATH=${CMAKE_PREFIX_PATH}:/opt/ros/humble /usr/bin/cmake --build /home/moose/ros2_ws/src/build/scara_bringup -- -j8 -l8
[0.073s] Invoking command in '/home/moose/ros2_ws/src/build/scara_bringup': CMAKE_PREFIX_PATH=${CMAKE_PREFIX_PATH}:/opt/ros/humble /usr/bin/cmake --install /home/moose/ros2_ws/src/build/scara_bringup
[0.080s] -- Install configuration: ""
[0.080s] -- Up-to-date: /home/moose/ros2_ws/src/install/scara_bringup/share/scara_bringup//launch
[0.081s] -- Up-to-date: /home/moose/ros2_ws/src/install/scara_bringup/share/scara_bringup//launch/scara_rviz.launch.xml
[0.081s] -- Up-to-date: /home/moose/ros2_ws/src/install/scara_bringup/share/ament_index/resource_index/package_run_dependencies/scara_bringup
[0.081s] -- Up-to-date: /home/moose/ros2_ws/src/install/scara_bringup/share/ament_index/resource_index/parent_prefix_path/scara_bringup
[0.081s] -- Up-to-date: /home/moose/ros2_ws/src/install/scara_bringup/share/scara_bringup/environment/ament_prefix_path.sh
[0.081s] -- Up-to-date: /home/moose/ros2_ws/src/install/scara_bringup/share/scara_bringup/environment/ament_prefix_path.dsv
[0.081s] -- Up-to-date: /home/moose/ros2_ws/src/install/scara_bringup/share/scara_bringup/environment/path.sh
[0.081s] -- Up-to-date: /home/moose/ros2_ws/src/install/scara_bringup/share/scara_bringup/environment/path.dsv
[0.082s] -- Up-to-date: /home/moose/ros2_ws/src/install/scara_bringup/share/scara_bringup/local_setup.bash
[0.082s] -- Up-to-date: /home/moose/ros2_ws/src/install/scara_bringup/share/scara_bringup/local_setup.sh
[0.083s] -- Up-to-date: /home/moose/ros2_ws/src/install/scara_bringup/share/scara_bringup/local_setup.zsh
[0.083s] -- Up-to-date: /home/moose/ros2_ws/src/install/scara_bringup/share/scara_bringup/local_setup.dsv
[0.083s] -- Installing: /home/moose/ros2_ws/src/install/scara_bringup/share/scara_bringup/package.dsv
[0.084s] -- Up-to-date: /home/moose/ros2_ws/src/install/scara_bringup/share/ament_index/resource_index/packages/scara_bringup
[0.084s] -- Up-to-date: /home/moose/ros2_ws/src/install/scara_bringup/share/scara_bringup/cmake/scara_bringupConfig.cmake
[0.084s] -- Up-to-date: /home/moose/ros2_ws/src/install/scara_bringup/share/scara_bringup/cmake/scara_bringupConfig-version.cmake
[0.085s] -- Up-to-date: /home/moose/ros2_ws/src/install/scara_bringup/share/scara_bringup/package.xml
[0.089s] Invoked command in '/home/moose/ros2_ws/src/build/scara_bringup' returned '0': CMAKE_PREFIX_PATH=${CMAKE_PREFIX_PATH}:/opt/ros/humble /usr/bin/cmake --install /home/moose/ros2_ws/src/build/scara_bringup
