[0.011s] Invoking command in '/home/moose/ros2_ws/src/build/scara_bringup': CMAKE_PREFIX_PATH=${CMAKE_PREFIX_PATH}:/opt/ros/humble /usr/bin/cmake /home/moose/ros2_ws/src/scara_bringup -DCMAKE_INSTALL_PREFIX=/home/moose/ros2_ws/src/install/scara_bringup
[0.949s] -- The C compiler identification is GNU 11.4.0
[1.628s] -- The CXX compiler identification is GNU 11.4.0
[1.706s] -- Detecting C compiler ABI info
[1.879s] -- Detecting C compiler ABI info - done
[1.887s] -- Check for working C compiler: /usr/bin/cc - skipped
[1.888s] -- Detecting C compile features
[1.911s] -- Detecting C compile features - done
[1.915s] -- Detecting CXX compiler ABI info
[2.050s] -- Detecting CXX compiler ABI info - done
[2.066s] -- Check for working CXX compiler: /usr/bin/c++ - skipped
[2.067s] -- Detecting CXX compile features
[2.067s] -- Detecting CXX compile features - done
[2.188s] -- Found ament_cmake: 1.3.10 (/opt/ros/humble/share/ament_cmake/cmake)
[2.455s] -- Found Python3: /usr/bin/python3 (found version "3.10.12") found components: Interpreter 
[2.802s] -- Configuring done
[2.804s] -- Generating done
[2.805s] -- Build files have been written to: /home/moose/ros2_ws/src/build/scara_bringup
[2.810s] Invoked command in '/home/moose/ros2_ws/src/build/scara_bringup' returned '0': CMAKE_PREFIX_PATH=${CMAKE_PREFIX_PATH}:/opt/ros/humble /usr/bin/cmake /home/moose/ros2_ws/src/scara_bringup -DCMAKE_INSTALL_PREFIX=/home/moose/ros2_ws/src/install/scara_bringup
[2.811s] Invoking command in '/home/moose/ros2_ws/src/build/scara_bringup': CMAKE_PREFIX_PATH=${CMAKE_PREFIX_PATH}:/opt/ros/humble /usr/bin/cmake --build /home/moose/ros2_ws/src/build/scara_bringup -- -j8 -l8
[2.845s] Invoked command in '/home/moose/ros2_ws/src/build/scara_bringup' returned '0': CMAKE_PREFIX_PATH=${CMAKE_PREFIX_PATH}:/opt/ros/humble /usr/bin/cmake --build /home/moose/ros2_ws/src/build/scara_bringup -- -j8 -l8
[2.874s] Invoking command in '/home/moose/ros2_ws/src/build/scara_bringup': CMAKE_PREFIX_PATH=${CMAKE_PREFIX_PATH}:/opt/ros/humble /usr/bin/cmake --install /home/moose/ros2_ws/src/build/scara_bringup
[2.880s] -- Install configuration: ""
[2.881s] -- Installing: /home/moose/ros2_ws/src/install/scara_bringup/share/scara_bringup//launch
[2.881s] -- Installing: /home/moose/ros2_ws/src/install/scara_bringup/share/scara_bringup//launch/scara_rviz.launch.xml
[2.881s] -- Installing: /home/moose/ros2_ws/src/install/scara_bringup/share/ament_index/resource_index/package_run_dependencies/scara_bringup
[2.882s] -- Installing: /home/moose/ros2_ws/src/install/scara_bringup/share/ament_index/resource_index/parent_prefix_path/scara_bringup
[2.882s] -- Installing: /home/moose/ros2_ws/src/install/scara_bringup/share/scara_bringup/environment/ament_prefix_path.sh
[2.882s] -- Installing: /home/moose/ros2_ws/src/install/scara_bringup/share/scara_bringup/environment/ament_prefix_path.dsv
[2.883s] -- Installing: /home/moose/ros2_ws/src/install/scara_bringup/share/scara_bringup/environment/path.sh
[2.883s] -- Installing: /home/moose/ros2_ws/src/install/scara_bringup/share/scara_bringup/environment/path.dsv
[2.883s] -- Installing: /home/moose/ros2_ws/src/install/scara_bringup/share/scara_bringup/local_setup.bash
[2.883s] -- Installing: /home/moose/ros2_ws/src/install/scara_bringup/share/scara_bringup/local_setup.sh
[2.883s] -- Installing: /home/moose/ros2_ws/src/install/scara_bringup/share/scara_bringup/local_setup.zsh
[2.884s] -- Installing: /home/moose/ros2_ws/src/install/scara_bringup/share/scara_bringup/local_setup.dsv
[2.884s] -- Installing: /home/moose/ros2_ws/src/install/scara_bringup/share/scara_bringup/package.dsv
[2.885s] -- Installing: /home/moose/ros2_ws/src/install/scara_bringup/share/ament_index/resource_index/packages/scara_bringup
[2.885s] -- Installing: /home/moose/ros2_ws/src/install/scara_bringup/share/scara_bringup/cmake/scara_bringupConfig.cmake
[2.886s] -- Installing: /home/moose/ros2_ws/src/install/scara_bringup/share/scara_bringup/cmake/scara_bringupConfig-version.cmake
[2.886s] -- Installing: /home/moose/ros2_ws/src/install/scara_bringup/share/scara_bringup/package.xml
[2.887s] Invoked command in '/home/moose/ros2_ws/src/build/scara_bringup' returned '0': CMAKE_PREFIX_PATH=${CMAKE_PREFIX_PATH}:/opt/ros/humble /usr/bin/cmake --install /home/moose/ros2_ws/src/build/scara_bringup
