[0.103s] DEBUG:colcon:Command line arguments: ['/usr/bin/colcon', 'build']
[0.103s] DEBUG:colcon:Parsed command line arguments: Namespace(log_base=None, log_level=None, verb_name='build', build_base='build', install_base='install', merge_install=False, symlink_install=False, test_result_base=None, continue_on_error=False, executor='parallel', parallel_workers=8, event_handlers=None, ignore_user_meta=False, metas=['./colcon.meta'], base_paths=['.'], packages_ignore=None, packages_ignore_regex=None, paths=None, packages_up_to=None, packages_up_to_regex=None, packages_above=None, packages_above_and_dependencies=None, packages_above_depth=None, packages_select_by_dep=None, packages_skip_by_dep=None, packages_skip_up_to=None, packages_select_build_failed=False, packages_skip_build_finished=False, packages_select_test_failures=False, packages_skip_test_passed=False, packages_select=None, packages_skip=None, packages_select_regex=None, packages_skip_regex=None, packages_start=None, packages_end=None, allow_overriding=[], cmake_args=None, cmake_target=None, cmake_target_skip_unavailable=False, cmake_clean_cache=False, cmake_clean_first=False, cmake_force_configure=False, ament_cmake_args=None, catkin_cmake_args=None, catkin_skip_building_tests=False, verb_parser=<colcon_defaults.argument_parser.defaults.DefaultArgumentsDecorator object at 0x7f78f9fcbd90>, verb_extension=<colcon_core.verb.build.BuildVerb object at 0x7f78f9fcad70>, main=<bound method BuildVerb.main of <colcon_core.verb.build.BuildVerb object at 0x7f78f9fcad70>>)
[0.265s] Level 1:colcon.colcon_core.package_discovery:discover_packages(colcon_meta) check parameters
[0.265s] Level 1:colcon.colcon_core.package_discovery:discover_packages(recursive) check parameters
[0.265s] Level 1:colcon.colcon_core.package_discovery:discover_packages(ignore) check parameters
[0.265s] Level 1:colcon.colcon_core.package_discovery:discover_packages(path) check parameters
[0.265s] Level 1:colcon.colcon_core.package_discovery:discover_packages(colcon_meta) discover
[0.265s] Level 1:colcon.colcon_core.package_discovery:discover_packages(recursive) discover
[0.265s] INFO:colcon.colcon_core.package_discovery:Crawling recursively for packages in '/home/moose/ros2_ws/src'
[0.265s] Level 1:colcon.colcon_core.package_identification:_identify(.) by extensions ['ignore', 'ignore_ament_install']
[0.265s] Level 1:colcon.colcon_core.package_identification:_identify(.) by extension 'ignore'
[0.266s] Level 1:colcon.colcon_core.package_identification:_identify(.) by extension 'ignore_ament_install'
[0.266s] Level 1:colcon.colcon_core.package_identification:_identify(.) by extensions ['colcon_pkg']
[0.266s] Level 1:colcon.colcon_core.package_identification:_identify(.) by extension 'colcon_pkg'
[0.266s] Level 1:colcon.colcon_core.package_identification:_identify(.) by extensions ['colcon_meta']
[0.266s] Level 1:colcon.colcon_core.package_identification:_identify(.) by extension 'colcon_meta'
[0.266s] Level 1:colcon.colcon_core.package_identification:_identify(.) by extensions ['ros']
[0.266s] Level 1:colcon.colcon_core.package_identification:_identify(.) by extension 'ros'
[0.277s] Level 1:colcon.colcon_core.package_identification:_identify(.) by extensions ['cmake', 'python']
[0.277s] Level 1:colcon.colcon_core.package_identification:_identify(.) by extension 'cmake'
[0.277s] Level 1:colcon.colcon_core.package_identification:_identify(.) by extension 'python'
[0.277s] Level 1:colcon.colcon_core.package_identification:_identify(.) by extensions ['python_setup_py']
[0.277s] Level 1:colcon.colcon_core.package_identification:_identify(.) by extension 'python_setup_py'
[0.277s] Level 1:colcon.colcon_core.package_identification:_identify(build) by extensions ['ignore', 'ignore_ament_install']
[0.277s] Level 1:colcon.colcon_core.package_identification:_identify(build) by extension 'ignore'
[0.277s] Level 1:colcon.colcon_core.package_identification:_identify(build) ignored
[0.277s] Level 1:colcon.colcon_core.package_identification:_identify(install) by extensions ['ignore', 'ignore_ament_install']
[0.278s] Level 1:colcon.colcon_core.package_identification:_identify(install) by extension 'ignore'
[0.278s] Level 1:colcon.colcon_core.package_identification:_identify(install) ignored
[0.278s] Level 1:colcon.colcon_core.package_identification:_identify(log) by extensions ['ignore', 'ignore_ament_install']
[0.278s] Level 1:colcon.colcon_core.package_identification:_identify(log) by extension 'ignore'
[0.278s] Level 1:colcon.colcon_core.package_identification:_identify(log) ignored
[0.278s] Level 1:colcon.colcon_core.package_identification:_identify(scara_bringup) by extensions ['ignore', 'ignore_ament_install']
[0.278s] Level 1:colcon.colcon_core.package_identification:_identify(scara_bringup) by extension 'ignore'
[0.278s] Level 1:colcon.colcon_core.package_identification:_identify(scara_bringup) by extension 'ignore_ament_install'
[0.278s] Level 1:colcon.colcon_core.package_identification:_identify(scara_bringup) by extensions ['colcon_pkg']
[0.278s] Level 1:colcon.colcon_core.package_identification:_identify(scara_bringup) by extension 'colcon_pkg'
[0.278s] Level 1:colcon.colcon_core.package_identification:_identify(scara_bringup) by extensions ['colcon_meta']
[0.278s] Level 1:colcon.colcon_core.package_identification:_identify(scara_bringup) by extension 'colcon_meta'
[0.278s] Level 1:colcon.colcon_core.package_identification:_identify(scara_bringup) by extensions ['ros']
[0.278s] Level 1:colcon.colcon_core.package_identification:_identify(scara_bringup) by extension 'ros'
[0.281s] DEBUG:colcon.colcon_core.package_identification:Package 'scara_bringup' with type 'ros.ament_cmake' and name 'scara_bringup'
[0.281s] Level 1:colcon.colcon_core.package_identification:_identify(scara_description) by extensions ['ignore', 'ignore_ament_install']
[0.281s] Level 1:colcon.colcon_core.package_identification:_identify(scara_description) by extension 'ignore'
[0.281s] Level 1:colcon.colcon_core.package_identification:_identify(scara_description) by extension 'ignore_ament_install'
[0.281s] Level 1:colcon.colcon_core.package_identification:_identify(scara_description) by extensions ['colcon_pkg']
[0.281s] Level 1:colcon.colcon_core.package_identification:_identify(scara_description) by extension 'colcon_pkg'
[0.281s] Level 1:colcon.colcon_core.package_identification:_identify(scara_description) by extensions ['colcon_meta']
[0.281s] Level 1:colcon.colcon_core.package_identification:_identify(scara_description) by extension 'colcon_meta'
[0.281s] Level 1:colcon.colcon_core.package_identification:_identify(scara_description) by extensions ['ros']
[0.281s] Level 1:colcon.colcon_core.package_identification:_identify(scara_description) by extension 'ros'
[0.282s] DEBUG:colcon.colcon_core.package_identification:Package 'scara_description' with type 'ros.ament_cmake' and name 'scara_description'
[0.282s] Level 1:colcon.colcon_core.package_discovery:discover_packages(recursive) using defaults
[0.282s] Level 1:colcon.colcon_core.package_discovery:discover_packages(ignore) discover
[0.282s] Level 1:colcon.colcon_core.package_discovery:discover_packages(ignore) using defaults
[0.282s] Level 1:colcon.colcon_core.package_discovery:discover_packages(path) discover
[0.282s] Level 1:colcon.colcon_core.package_discovery:discover_packages(path) using defaults
[0.300s] Level 1:colcon.colcon_core.package_discovery:discover_packages(prefix_path) check parameters
[0.301s] Level 1:colcon.colcon_core.package_discovery:discover_packages(prefix_path) discover
[0.302s] DEBUG:colcon.colcon_installed_package_information.package_discovery:Found 2 installed packages in /home/moose/ros2_ws/install
[0.303s] DEBUG:colcon.colcon_installed_package_information.package_discovery:Found 294 installed packages in /opt/ros/humble
[0.317s] Level 1:colcon.colcon_core.package_discovery:discover_packages(prefix_path) using defaults
[0.358s] Level 5:colcon.colcon_core.verb:set package 'scara_bringup' build argument 'cmake_args' from command line to 'None'
[0.358s] Level 5:colcon.colcon_core.verb:set package 'scara_bringup' build argument 'cmake_target' from command line to 'None'
[0.358s] Level 5:colcon.colcon_core.verb:set package 'scara_bringup' build argument 'cmake_target_skip_unavailable' from command line to 'False'
[0.358s] Level 5:colcon.colcon_core.verb:set package 'scara_bringup' build argument 'cmake_clean_cache' from command line to 'False'
[0.358s] Level 5:colcon.colcon_core.verb:set package 'scara_bringup' build argument 'cmake_clean_first' from command line to 'False'
[0.358s] Level 5:colcon.colcon_core.verb:set package 'scara_bringup' build argument 'cmake_force_configure' from command line to 'False'
[0.358s] Level 5:colcon.colcon_core.verb:set package 'scara_bringup' build argument 'ament_cmake_args' from command line to 'None'
[0.358s] Level 5:colcon.colcon_core.verb:set package 'scara_bringup' build argument 'catkin_cmake_args' from command line to 'None'
[0.358s] Level 5:colcon.colcon_core.verb:set package 'scara_bringup' build argument 'catkin_skip_building_tests' from command line to 'False'
[0.358s] DEBUG:colcon.colcon_core.verb:Building package 'scara_bringup' with the following arguments: {'ament_cmake_args': None, 'build_base': '/home/moose/ros2_ws/src/build/scara_bringup', 'catkin_cmake_args': None, 'catkin_skip_building_tests': False, 'cmake_args': None, 'cmake_clean_cache': False, 'cmake_clean_first': False, 'cmake_force_configure': False, 'cmake_target': None, 'cmake_target_skip_unavailable': False, 'install_base': '/home/moose/ros2_ws/src/install/scara_bringup', 'merge_install': False, 'path': '/home/moose/ros2_ws/src/scara_bringup', 'symlink_install': False, 'test_result_base': None}
[0.359s] Level 5:colcon.colcon_core.verb:set package 'scara_description' build argument 'cmake_args' from command line to 'None'
[0.359s] Level 5:colcon.colcon_core.verb:set package 'scara_description' build argument 'cmake_target' from command line to 'None'
[0.359s] Level 5:colcon.colcon_core.verb:set package 'scara_description' build argument 'cmake_target_skip_unavailable' from command line to 'False'
[0.359s] Level 5:colcon.colcon_core.verb:set package 'scara_description' build argument 'cmake_clean_cache' from command line to 'False'
[0.359s] Level 5:colcon.colcon_core.verb:set package 'scara_description' build argument 'cmake_clean_first' from command line to 'False'
[0.359s] Level 5:colcon.colcon_core.verb:set package 'scara_description' build argument 'cmake_force_configure' from command line to 'False'
[0.359s] Level 5:colcon.colcon_core.verb:set package 'scara_description' build argument 'ament_cmake_args' from command line to 'None'
[0.359s] Level 5:colcon.colcon_core.verb:set package 'scara_description' build argument 'catkin_cmake_args' from command line to 'None'
[0.359s] Level 5:colcon.colcon_core.verb:set package 'scara_description' build argument 'catkin_skip_building_tests' from command line to 'False'
[0.359s] DEBUG:colcon.colcon_core.verb:Building package 'scara_description' with the following arguments: {'ament_cmake_args': None, 'build_base': '/home/moose/ros2_ws/src/build/scara_description', 'catkin_cmake_args': None, 'catkin_skip_building_tests': False, 'cmake_args': None, 'cmake_clean_cache': False, 'cmake_clean_first': False, 'cmake_force_configure': False, 'cmake_target': None, 'cmake_target_skip_unavailable': False, 'install_base': '/home/moose/ros2_ws/src/install/scara_description', 'merge_install': False, 'path': '/home/moose/ros2_ws/src/scara_description', 'symlink_install': False, 'test_result_base': None}
[0.359s] INFO:colcon.colcon_core.executor:Executing jobs using 'parallel' executor
[0.360s] DEBUG:colcon.colcon_parallel_executor.executor.parallel:run_until_complete
[0.360s] INFO:colcon.colcon_ros.task.ament_cmake.build:Building ROS package in '/home/moose/ros2_ws/src/scara_bringup' with build type 'ament_cmake'
[0.361s] INFO:colcon.colcon_cmake.task.cmake.build:Building CMake package in '/home/moose/ros2_ws/src/scara_bringup'
[0.363s] INFO:colcon.colcon_core.plugin_system:Skipping extension 'colcon_core.shell.bat': Not used on non-Windows systems
[0.363s] INFO:colcon.colcon_core.shell:Skip shell extension 'powershell' for command environment: Not usable outside of PowerShell
[0.363s] DEBUG:colcon.colcon_core.shell:Skip shell extension 'dsv' for command environment
[0.366s] INFO:colcon.colcon_ros.task.ament_cmake.build:Building ROS package in '/home/moose/ros2_ws/src/scara_description' with build type 'ament_cmake'
[0.367s] INFO:colcon.colcon_cmake.task.cmake.build:Building CMake package in '/home/moose/ros2_ws/src/scara_description'
[0.367s] INFO:colcon.colcon_core.shell:Skip shell extension 'powershell' for command environment: Not usable outside of PowerShell
[0.367s] DEBUG:colcon.colcon_core.shell:Skip shell extension 'dsv' for command environment
[0.374s] DEBUG:colcon.colcon_core.event_handler.log_command:Invoking command in '/home/moose/ros2_ws/src/build/scara_bringup': CMAKE_PREFIX_PATH=${CMAKE_PREFIX_PATH}:/opt/ros/humble /usr/bin/cmake --build /home/moose/ros2_ws/src/build/scara_bringup -- -j8 -l8
[0.380s] DEBUG:colcon.colcon_core.event_handler.log_command:Invoking command in '/home/moose/ros2_ws/src/build/scara_description': CMAKE_PREFIX_PATH=${CMAKE_PREFIX_PATH}:/opt/ros/humble /usr/bin/cmake --build /home/moose/ros2_ws/src/build/scara_description -- -j8 -l8
[0.410s] DEBUG:colcon.colcon_core.event_handler.log_command:Invoked command in '/home/moose/ros2_ws/src/build/scara_bringup' returned '0': CMAKE_PREFIX_PATH=${CMAKE_PREFIX_PATH}:/opt/ros/humble /usr/bin/cmake --build /home/moose/ros2_ws/src/build/scara_bringup -- -j8 -l8
[0.411s] DEBUG:colcon.colcon_core.event_handler.log_command:Invoked command in '/home/moose/ros2_ws/src/build/scara_description' returned '0': CMAKE_PREFIX_PATH=${CMAKE_PREFIX_PATH}:/opt/ros/humble /usr/bin/cmake --build /home/moose/ros2_ws/src/build/scara_description -- -j8 -l8
[0.437s] DEBUG:colcon.colcon_core.event_handler.log_command:Invoking command in '/home/moose/ros2_ws/src/build/scara_bringup': CMAKE_PREFIX_PATH=${CMAKE_PREFIX_PATH}:/opt/ros/humble /usr/bin/cmake --install /home/moose/ros2_ws/src/build/scara_bringup
[0.440s] DEBUG:colcon.colcon_core.event_handler.log_command:Invoking command in '/home/moose/ros2_ws/src/build/scara_description': CMAKE_PREFIX_PATH=${CMAKE_PREFIX_PATH}:/opt/ros/humble /usr/bin/cmake --install /home/moose/ros2_ws/src/build/scara_description
[0.447s] Level 1:colcon.colcon_core.environment:create_environment_scripts_only(scara_bringup)
[0.453s] DEBUG:colcon.colcon_core.event_handler.log_command:Invoked command in '/home/moose/ros2_ws/src/build/scara_bringup' returned '0': CMAKE_PREFIX_PATH=${CMAKE_PREFIX_PATH}:/opt/ros/humble /usr/bin/cmake --install /home/moose/ros2_ws/src/build/scara_bringup
[0.454s] Level 1:colcon.colcon_core.environment:checking '/home/moose/ros2_ws/src/install/scara_bringup' for CMake module files
[0.454s] Level 1:colcon.colcon_core.environment:checking '/home/moose/ros2_ws/src/install/scara_bringup' for CMake config files
[0.454s] Level 1:colcon.colcon_core.shell:create_environment_hook('scara_bringup', 'cmake_prefix_path')
[0.454s] INFO:colcon.colcon_core.shell:Creating environment hook '/home/moose/ros2_ws/src/install/scara_bringup/share/scara_bringup/hook/cmake_prefix_path.ps1'
[0.455s] INFO:colcon.colcon_core.shell:Creating environment descriptor '/home/moose/ros2_ws/src/install/scara_bringup/share/scara_bringup/hook/cmake_prefix_path.dsv'
[0.455s] INFO:colcon.colcon_core.shell:Creating environment hook '/home/moose/ros2_ws/src/install/scara_bringup/share/scara_bringup/hook/cmake_prefix_path.sh'
[0.456s] Level 1:colcon.colcon_core.environment:checking '/home/moose/ros2_ws/src/install/scara_bringup/bin'
[0.456s] Level 1:colcon.colcon_core.environment:checking '/home/moose/ros2_ws/src/install/scara_bringup/lib/pkgconfig/scara_bringup.pc'
[0.457s] Level 1:colcon.colcon_core.environment:checking '/home/moose/ros2_ws/src/install/scara_bringup/lib/python3.10/site-packages'
[0.457s] Level 1:colcon.colcon_core.environment:checking '/home/moose/ros2_ws/src/install/scara_bringup/bin'
[0.457s] INFO:colcon.colcon_core.shell:Creating package script '/home/moose/ros2_ws/src/install/scara_bringup/share/scara_bringup/package.ps1'
[0.458s] INFO:colcon.colcon_core.shell:Creating package descriptor '/home/moose/ros2_ws/src/install/scara_bringup/share/scara_bringup/package.dsv'
[0.458s] INFO:colcon.colcon_core.shell:Creating package script '/home/moose/ros2_ws/src/install/scara_bringup/share/scara_bringup/package.sh'
[0.459s] INFO:colcon.colcon_core.shell:Creating package script '/home/moose/ros2_ws/src/install/scara_bringup/share/scara_bringup/package.bash'
[0.460s] INFO:colcon.colcon_core.shell:Creating package script '/home/moose/ros2_ws/src/install/scara_bringup/share/scara_bringup/package.zsh'
[0.461s] Level 1:colcon.colcon_core.environment:create_file_with_runtime_dependencies(/home/moose/ros2_ws/src/install/scara_bringup/share/colcon-core/packages/scara_bringup)
[0.462s] Level 1:colcon.colcon_core.environment:create_environment_scripts_only(scara_description)
[0.463s] Level 1:colcon.colcon_core.environment:checking '/home/moose/ros2_ws/src/install/scara_description' for CMake module files
[0.463s] DEBUG:colcon.colcon_core.event_handler.log_command:Invoked command in '/home/moose/ros2_ws/src/build/scara_description' returned '0': CMAKE_PREFIX_PATH=${CMAKE_PREFIX_PATH}:/opt/ros/humble /usr/bin/cmake --install /home/moose/ros2_ws/src/build/scara_description
[0.464s] Level 1:colcon.colcon_core.environment:checking '/home/moose/ros2_ws/src/install/scara_description' for CMake config files
[0.464s] Level 1:colcon.colcon_core.shell:create_environment_hook('scara_description', 'cmake_prefix_path')
[0.464s] INFO:colcon.colcon_core.shell:Creating environment hook '/home/moose/ros2_ws/src/install/scara_description/share/scara_description/hook/cmake_prefix_path.ps1'
[0.465s] INFO:colcon.colcon_core.shell:Creating environment descriptor '/home/moose/ros2_ws/src/install/scara_description/share/scara_description/hook/cmake_prefix_path.dsv'
[0.465s] INFO:colcon.colcon_core.shell:Creating environment hook '/home/moose/ros2_ws/src/install/scara_description/share/scara_description/hook/cmake_prefix_path.sh'
[0.466s] Level 1:colcon.colcon_core.environment:checking '/home/moose/ros2_ws/src/install/scara_description/bin'
[0.466s] Level 1:colcon.colcon_core.environment:checking '/home/moose/ros2_ws/src/install/scara_description/lib/pkgconfig/scara_description.pc'
[0.466s] Level 1:colcon.colcon_core.environment:checking '/home/moose/ros2_ws/src/install/scara_description/lib/python3.10/site-packages'
[0.466s] Level 1:colcon.colcon_core.environment:checking '/home/moose/ros2_ws/src/install/scara_description/bin'
[0.466s] INFO:colcon.colcon_core.shell:Creating package script '/home/moose/ros2_ws/src/install/scara_description/share/scara_description/package.ps1'
[0.467s] INFO:colcon.colcon_core.shell:Creating package descriptor '/home/moose/ros2_ws/src/install/scara_description/share/scara_description/package.dsv'
[0.467s] INFO:colcon.colcon_core.shell:Creating package script '/home/moose/ros2_ws/src/install/scara_description/share/scara_description/package.sh'
[0.468s] INFO:colcon.colcon_core.shell:Creating package script '/home/moose/ros2_ws/src/install/scara_description/share/scara_description/package.bash'
[0.468s] INFO:colcon.colcon_core.shell:Creating package script '/home/moose/ros2_ws/src/install/scara_description/share/scara_description/package.zsh'
[0.469s] Level 1:colcon.colcon_core.environment:create_file_with_runtime_dependencies(/home/moose/ros2_ws/src/install/scara_description/share/colcon-core/packages/scara_description)
[0.479s] Level 1:colcon.colcon_core.environment:create_environment_scripts_only(scara_bringup)
[0.480s] Level 1:colcon.colcon_core.environment:checking '/home/moose/ros2_ws/src/install/scara_bringup' for CMake module files
[0.480s] Level 1:colcon.colcon_core.environment:checking '/home/moose/ros2_ws/src/install/scara_bringup' for CMake config files
[0.480s] Level 1:colcon.colcon_core.shell:create_environment_hook('scara_bringup', 'cmake_prefix_path')
[0.480s] INFO:colcon.colcon_core.shell:Creating environment hook '/home/moose/ros2_ws/src/install/scara_bringup/share/scara_bringup/hook/cmake_prefix_path.ps1'
[0.481s] INFO:colcon.colcon_core.shell:Creating environment descriptor '/home/moose/ros2_ws/src/install/scara_bringup/share/scara_bringup/hook/cmake_prefix_path.dsv'
[0.482s] INFO:colcon.colcon_core.shell:Creating environment hook '/home/moose/ros2_ws/src/install/scara_bringup/share/scara_bringup/hook/cmake_prefix_path.sh'
[0.482s] Level 1:colcon.colcon_core.environment:checking '/home/moose/ros2_ws/src/install/scara_bringup/bin'
[0.482s] Level 1:colcon.colcon_core.environment:checking '/home/moose/ros2_ws/src/install/scara_bringup/lib/pkgconfig/scara_bringup.pc'
[0.483s] Level 1:colcon.colcon_core.environment:checking '/home/moose/ros2_ws/src/install/scara_bringup/lib/python3.10/site-packages'
[0.483s] Level 1:colcon.colcon_core.environment:checking '/home/moose/ros2_ws/src/install/scara_bringup/bin'
[0.483s] INFO:colcon.colcon_core.shell:Creating package script '/home/moose/ros2_ws/src/install/scara_bringup/share/scara_bringup/package.ps1'
[0.484s] INFO:colcon.colcon_core.shell:Creating package descriptor '/home/moose/ros2_ws/src/install/scara_bringup/share/scara_bringup/package.dsv'
[0.484s] INFO:colcon.colcon_core.shell:Creating package script '/home/moose/ros2_ws/src/install/scara_bringup/share/scara_bringup/package.sh'
[0.485s] INFO:colcon.colcon_core.shell:Creating package script '/home/moose/ros2_ws/src/install/scara_bringup/share/scara_bringup/package.bash'
[0.485s] INFO:colcon.colcon_core.shell:Creating package script '/home/moose/ros2_ws/src/install/scara_bringup/share/scara_bringup/package.zsh'
[0.486s] Level 1:colcon.colcon_core.environment:create_file_with_runtime_dependencies(/home/moose/ros2_ws/src/install/scara_bringup/share/colcon-core/packages/scara_bringup)
[0.488s] Level 1:colcon.colcon_core.environment:create_environment_scripts_only(scara_description)
[0.489s] Level 1:colcon.colcon_core.environment:checking '/home/moose/ros2_ws/src/install/scara_description' for CMake module files
[0.489s] Level 1:colcon.colcon_core.environment:checking '/home/moose/ros2_ws/src/install/scara_description' for CMake config files
[0.490s] Level 1:colcon.colcon_core.shell:create_environment_hook('scara_description', 'cmake_prefix_path')
[0.490s] INFO:colcon.colcon_core.shell:Creating environment hook '/home/moose/ros2_ws/src/install/scara_description/share/scara_description/hook/cmake_prefix_path.ps1'
[0.490s] INFO:colcon.colcon_core.shell:Creating environment descriptor '/home/moose/ros2_ws/src/install/scara_description/share/scara_description/hook/cmake_prefix_path.dsv'
[0.491s] INFO:colcon.colcon_core.shell:Creating environment hook '/home/moose/ros2_ws/src/install/scara_description/share/scara_description/hook/cmake_prefix_path.sh'
[0.491s] Level 1:colcon.colcon_core.environment:checking '/home/moose/ros2_ws/src/install/scara_description/bin'
[0.491s] Level 1:colcon.colcon_core.environment:checking '/home/moose/ros2_ws/src/install/scara_description/lib/pkgconfig/scara_description.pc'
[0.492s] Level 1:colcon.colcon_core.environment:checking '/home/moose/ros2_ws/src/install/scara_description/lib/python3.10/site-packages'
[0.492s] Level 1:colcon.colcon_core.environment:checking '/home/moose/ros2_ws/src/install/scara_description/bin'
[0.492s] INFO:colcon.colcon_core.shell:Creating package script '/home/moose/ros2_ws/src/install/scara_description/share/scara_description/package.ps1'
[0.493s] INFO:colcon.colcon_core.shell:Creating package descriptor '/home/moose/ros2_ws/src/install/scara_description/share/scara_description/package.dsv'
[0.493s] INFO:colcon.colcon_core.shell:Creating package script '/home/moose/ros2_ws/src/install/scara_description/share/scara_description/package.sh'
[0.494s] INFO:colcon.colcon_core.shell:Creating package script '/home/moose/ros2_ws/src/install/scara_description/share/scara_description/package.bash'
[0.494s] INFO:colcon.colcon_core.shell:Creating package script '/home/moose/ros2_ws/src/install/scara_description/share/scara_description/package.zsh'
[0.495s] Level 1:colcon.colcon_core.environment:create_file_with_runtime_dependencies(/home/moose/ros2_ws/src/install/scara_description/share/colcon-core/packages/scara_description)
[0.495s] DEBUG:colcon.colcon_parallel_executor.executor.parallel:closing loop
[0.495s] DEBUG:colcon.colcon_parallel_executor.executor.parallel:loop closed
[0.496s] DEBUG:colcon.colcon_parallel_executor.executor.parallel:run_until_complete finished with '0'
[0.496s] DEBUG:colcon.colcon_core.event_reactor:joining thread
[0.501s] INFO:colcon.colcon_core.plugin_system:Skipping extension 'colcon_notification.desktop_notification.terminal_notifier': Not used on non-Darwin systems
[0.501s] INFO:colcon.colcon_core.plugin_system:Skipping extension 'colcon_notification.desktop_notification.win32': Not used on non-Windows systems
[0.502s] INFO:colcon.colcon_notification.desktop_notification:Sending desktop notification using 'notify2'
[0.513s] DEBUG:colcon.colcon_core.event_reactor:joined thread
[0.514s] INFO:colcon.colcon_core.shell:Creating prefix script '/home/moose/ros2_ws/src/install/local_setup.ps1'
[0.515s] INFO:colcon.colcon_core.shell:Creating prefix util module '/home/moose/ros2_ws/src/install/_local_setup_util_ps1.py'
[0.516s] INFO:colcon.colcon_core.shell:Creating prefix chain script '/home/moose/ros2_ws/src/install/setup.ps1'
[0.517s] INFO:colcon.colcon_core.shell:Creating prefix script '/home/moose/ros2_ws/src/install/local_setup.sh'
[0.518s] INFO:colcon.colcon_core.shell:Creating prefix util module '/home/moose/ros2_ws/src/install/_local_setup_util_sh.py'
[0.519s] INFO:colcon.colcon_core.shell:Creating prefix chain script '/home/moose/ros2_ws/src/install/setup.sh'
[0.520s] INFO:colcon.colcon_core.shell:Creating prefix script '/home/moose/ros2_ws/src/install/local_setup.bash'
[0.521s] INFO:colcon.colcon_core.shell:Creating prefix chain script '/home/moose/ros2_ws/src/install/setup.bash'
[0.522s] INFO:colcon.colcon_core.shell:Creating prefix script '/home/moose/ros2_ws/src/install/local_setup.zsh'
[0.523s] INFO:colcon.colcon_core.shell:Creating prefix chain script '/home/moose/ros2_ws/src/install/setup.zsh'
