[0.011s] Invoking command in '/home/moose/ros2_ws/src/build/scara_description': CMAKE_PREFIX_PATH=${CMAKE_PREFIX_PATH}:/opt/ros/humble /usr/bin/cmake /home/moose/ros2_ws/src/scara_description -DCMAKE_INSTALL_PREFIX=/home/moose/ros2_ws/src/install/scara_description
[0.943s] -- The C compiler identification is GNU 11.4.0
[1.622s] -- The CXX compiler identification is GNU 11.4.0
[1.701s] -- Detecting C compiler ABI info
[1.872s] -- Detecting C compiler ABI info - done
[1.880s] -- Check for working C compiler: /usr/bin/cc - skipped
[1.881s] -- Detecting C compile features
[1.905s] -- Detecting C compile features - done
[1.909s] -- Detecting CXX compiler ABI info
[2.044s] -- Detecting CXX compiler ABI info - done
[2.061s] -- Check for working CXX compiler: /usr/bin/c++ - skipped
[2.061s] -- Detecting CXX compile features
[2.062s] -- Detecting CXX compile features - done
[2.183s] -- Found ament_cmake: 1.3.10 (/opt/ros/humble/share/ament_cmake/cmake)
[2.449s] -- Found Python3: /usr/bin/python3 (found version "3.10.12") found components: Interpreter 
[2.796s] -- Configuring done
[2.799s] -- Generating done
[2.800s] -- Build files have been written to: /home/moose/ros2_ws/src/build/scara_description
[2.806s] Invoked command in '/home/moose/ros2_ws/src/build/scara_description' returned '0': CMAKE_PREFIX_PATH=${CMAKE_PREFIX_PATH}:/opt/ros/humble /usr/bin/cmake /home/moose/ros2_ws/src/scara_description -DCMAKE_INSTALL_PREFIX=/home/moose/ros2_ws/src/install/scara_description
[2.807s] Invoking command in '/home/moose/ros2_ws/src/build/scara_description': CMAKE_PREFIX_PATH=${CMAKE_PREFIX_PATH}:/opt/ros/humble /usr/bin/cmake --build /home/moose/ros2_ws/src/build/scara_description -- -j8 -l8
[2.838s] Invoked command in '/home/moose/ros2_ws/src/build/scara_description' returned '0': CMAKE_PREFIX_PATH=${CMAKE_PREFIX_PATH}:/opt/ros/humble /usr/bin/cmake --build /home/moose/ros2_ws/src/build/scara_description -- -j8 -l8
[2.866s] Invoking command in '/home/moose/ros2_ws/src/build/scara_description': CMAKE_PREFIX_PATH=${CMAKE_PREFIX_PATH}:/opt/ros/humble /usr/bin/cmake --install /home/moose/ros2_ws/src/build/scara_description
[2.873s] -- Install configuration: ""
[2.873s] -- Installing: /home/moose/ros2_ws/src/install/scara_description/share/scara_description//urdf
[2.873s] -- Installing: /home/moose/ros2_ws/src/install/scara_description/share/scara_description//urdf/scara_arm_gazebo.xacro
[2.874s] -- Installing: /home/moose/ros2_ws/src/install/scara_description/share/scara_description//urdf/common_properties.xacro
[2.874s] -- Installing: /home/moose/ros2_ws/src/install/scara_description/share/scara_description//urdf/scara_arm.xacro
[2.874s] -- Installing: /home/moose/ros2_ws/src/install/scara_description/share/scara_description//urdf/scara.urdf.xacro
[2.874s] -- Installing: /home/moose/ros2_ws/src/install/scara_description/share/ament_index/resource_index/package_run_dependencies/scara_description
[2.874s] -- Installing: /home/moose/ros2_ws/src/install/scara_description/share/ament_index/resource_index/parent_prefix_path/scara_description
[2.875s] -- Installing: /home/moose/ros2_ws/src/install/scara_description/share/scara_description/environment/ament_prefix_path.sh
[2.875s] -- Installing: /home/moose/ros2_ws/src/install/scara_description/share/scara_description/environment/ament_prefix_path.dsv
[2.876s] -- Installing: /home/moose/ros2_ws/src/install/scara_description/share/scara_description/environment/path.sh
[2.876s] -- Installing: /home/moose/ros2_ws/src/install/scara_description/share/scara_description/environment/path.dsv
[2.876s] -- Installing: /home/moose/ros2_ws/src/install/scara_description/share/scara_description/local_setup.bash
[2.877s] -- Installing: /home/moose/ros2_ws/src/install/scara_description/share/scara_description/local_setup.sh
[2.877s] -- Installing: /home/moose/ros2_ws/src/install/scara_description/share/scara_description/local_setup.zsh
[2.878s] -- Installing: /home/moose/ros2_ws/src/install/scara_description/share/scara_description/local_setup.dsv
[2.878s] -- Installing: /home/moose/ros2_ws/src/install/scara_description/share/scara_description/package.dsv
[2.879s] -- Installing: /home/moose/ros2_ws/src/install/scara_description/share/ament_index/resource_index/packages/scara_description
[2.880s] -- Installing: /home/moose/ros2_ws/src/install/scara_description/share/scara_description/cmake/scara_descriptionConfig.cmake
[2.880s] -- Installing: /home/moose/ros2_ws/src/install/scara_description/share/scara_description/cmake/scara_descriptionConfig-version.cmake
[2.881s] -- Installing: /home/moose/ros2_ws/src/install/scara_description/share/scara_description/package.xml
[2.892s] Invoked command in '/home/moose/ros2_ws/src/build/scara_description' returned '0': CMAKE_PREFIX_PATH=${CMAKE_PREFIX_PATH}:/opt/ros/humble /usr/bin/cmake --install /home/moose/ros2_ws/src/build/scara_description
