[0.012s] Invoking command in '/home/moose/ros2_ws/src/build/scara_description': CMAKE_PREFIX_PATH=${CMAKE_PREFIX_PATH}:/opt/ros/humble /usr/bin/cmake --build /home/moose/ros2_ws/src/build/scara_description -- -j8 -l8
[0.043s] Invoked command in '/home/moose/ros2_ws/src/build/scara_description' returned '0': CMAKE_PREFIX_PATH=${CMAKE_PREFIX_PATH}:/opt/ros/humble /usr/bin/cmake --build /home/moose/ros2_ws/src/build/scara_description -- -j8 -l8
[0.069s] Invoking command in '/home/moose/ros2_ws/src/build/scara_description': CMAKE_PREFIX_PATH=${CMAKE_PREFIX_PATH}:/opt/ros/humble /usr/bin/cmake --install /home/moose/ros2_ws/src/build/scara_description
[0.076s] -- Install configuration: ""
[0.077s] -- Up-to-date: /home/moose/ros2_ws/src/install/scara_description/share/scara_description//urdf
[0.077s] -- Installing: /home/moose/ros2_ws/src/install/scara_description/share/scara_description//urdf/scara_arm_gazebo.xacro
[0.077s] -- Up-to-date: /home/moose/ros2_ws/src/install/scara_description/share/scara_description//urdf/common_properties.xacro
[0.078s] -- Up-to-date: /home/moose/ros2_ws/src/install/scara_description/share/scara_description//urdf/scara_arm.xacro
[0.078s] -- Installing: /home/moose/ros2_ws/src/install/scara_description/share/scara_description//urdf/scara.urdf.xacro
[0.078s] -- Up-to-date: /home/moose/ros2_ws/src/install/scara_description/share/ament_index/resource_index/package_run_dependencies/scara_description
[0.078s] -- Up-to-date: /home/moose/ros2_ws/src/install/scara_description/share/ament_index/resource_index/parent_prefix_path/scara_description
[0.078s] -- Up-to-date: /home/moose/ros2_ws/src/install/scara_description/share/scara_description/environment/ament_prefix_path.sh
[0.079s] -- Up-to-date: /home/moose/ros2_ws/src/install/scara_description/share/scara_description/environment/ament_prefix_path.dsv
[0.079s] -- Up-to-date: /home/moose/ros2_ws/src/install/scara_description/share/scara_description/environment/path.sh
[0.079s] -- Up-to-date: /home/moose/ros2_ws/src/install/scara_description/share/scara_description/environment/path.dsv
[0.079s] -- Up-to-date: /home/moose/ros2_ws/src/install/scara_description/share/scara_description/local_setup.bash
[0.079s] -- Up-to-date: /home/moose/ros2_ws/src/install/scara_description/share/scara_description/local_setup.sh
[0.080s] -- Up-to-date: /home/moose/ros2_ws/src/install/scara_description/share/scara_description/local_setup.zsh
[0.080s] -- Up-to-date: /home/moose/ros2_ws/src/install/scara_description/share/scara_description/local_setup.dsv
[0.080s] -- Installing: /home/moose/ros2_ws/src/install/scara_description/share/scara_description/package.dsv
[0.080s] -- Up-to-date: /home/moose/ros2_ws/src/install/scara_description/share/ament_index/resource_index/packages/scara_description
[0.080s] -- Up-to-date: /home/moose/ros2_ws/src/install/scara_description/share/scara_description/cmake/scara_descriptionConfig.cmake
[0.080s] -- Up-to-date: /home/moose/ros2_ws/src/install/scara_description/share/scara_description/cmake/scara_descriptionConfig-version.cmake
[0.080s] -- Up-to-date: /home/moose/ros2_ws/src/install/scara_description/share/scara_description/package.xml
[0.091s] Invoked command in '/home/moose/ros2_ws/src/build/scara_description' returned '0': CMAKE_PREFIX_PATH=${CMAKE_PREFIX_PATH}:/opt/ros/humble /usr/bin/cmake --install /home/moose/ros2_ws/src/build/scara_description
