[0.101s] DEBUG:colcon:Command line arguments: ['/usr/bin/colcon', 'build']
[0.101s] DEBUG:colcon:Parsed command line arguments: Namespace(log_base=None, log_level=None, verb_name='build', build_base='build', install_base='install', merge_install=False, symlink_install=False, test_result_base=None, continue_on_error=False, executor='parallel', parallel_workers=8, event_handlers=None, ignore_user_meta=False, metas=['./colcon.meta'], base_paths=['.'], packages_ignore=None, packages_ignore_regex=None, paths=None, packages_up_to=None, packages_up_to_regex=None, packages_above=None, packages_above_and_dependencies=None, packages_above_depth=None, packages_select_by_dep=None, packages_skip_by_dep=None, packages_skip_up_to=None, packages_select_build_failed=False, packages_skip_build_finished=False, packages_select_test_failures=False, packages_skip_test_passed=False, packages_select=None, packages_skip=None, packages_select_regex=None, packages_skip_regex=None, packages_start=None, packages_end=None, allow_overriding=[], cmake_args=None, cmake_target=None, cmake_target_skip_unavailable=False, cmake_clean_cache=False, cmake_clean_first=False, cmake_force_configure=False, ament_cmake_args=None, catkin_cmake_args=None, catkin_skip_building_tests=False, verb_parser=<colcon_defaults.argument_parser.defaults.DefaultArgumentsDecorator object at 0x7fb46fa1bd90>, verb_extension=<colcon_core.verb.build.BuildVerb object at 0x7fb46fa1ad70>, main=<bound method BuildVerb.main of <colcon_core.verb.build.BuildVerb object at 0x7fb46fa1ad70>>)
[0.261s] Level 1:colcon.colcon_core.package_discovery:discover_packages(colcon_meta) check parameters
[0.262s] Level 1:colcon.colcon_core.package_discovery:discover_packages(recursive) check parameters
[0.262s] Level 1:colcon.colcon_core.package_discovery:discover_packages(ignore) check parameters
[0.262s] Level 1:colcon.colcon_core.package_discovery:discover_packages(path) check parameters
[0.262s] Level 1:colcon.colcon_core.package_discovery:discover_packages(colcon_meta) discover
[0.262s] Level 1:colcon.colcon_core.package_discovery:discover_packages(recursive) discover
[0.262s] INFO:colcon.colcon_core.package_discovery:Crawling recursively for packages in '/home/moose/ros2_ws/src'
[0.262s] Level 1:colcon.colcon_core.package_identification:_identify(.) by extensions ['ignore', 'ignore_ament_install']
[0.262s] Level 1:colcon.colcon_core.package_identification:_identify(.) by extension 'ignore'
[0.262s] Level 1:colcon.colcon_core.package_identification:_identify(.) by extension 'ignore_ament_install'
[0.262s] Level 1:colcon.colcon_core.package_identification:_identify(.) by extensions ['colcon_pkg']
[0.262s] Level 1:colcon.colcon_core.package_identification:_identify(.) by extension 'colcon_pkg'
[0.262s] Level 1:colcon.colcon_core.package_identification:_identify(.) by extensions ['colcon_meta']
[0.262s] Level 1:colcon.colcon_core.package_identification:_identify(.) by extension 'colcon_meta'
[0.262s] Level 1:colcon.colcon_core.package_identification:_identify(.) by extensions ['ros']
[0.262s] Level 1:colcon.colcon_core.package_identification:_identify(.) by extension 'ros'
[0.273s] Level 1:colcon.colcon_core.package_identification:_identify(.) by extensions ['cmake', 'python']
[0.273s] Level 1:colcon.colcon_core.package_identification:_identify(.) by extension 'cmake'
[0.273s] Level 1:colcon.colcon_core.package_identification:_identify(.) by extension 'python'
[0.273s] Level 1:colcon.colcon_core.package_identification:_identify(.) by extensions ['python_setup_py']
[0.273s] Level 1:colcon.colcon_core.package_identification:_identify(.) by extension 'python_setup_py'
[0.274s] Level 1:colcon.colcon_core.package_identification:_identify(build) by extensions ['ignore', 'ignore_ament_install']
[0.274s] Level 1:colcon.colcon_core.package_identification:_identify(build) by extension 'ignore'
[0.274s] Level 1:colcon.colcon_core.package_identification:_identify(build) ignored
[0.274s] Level 1:colcon.colcon_core.package_identification:_identify(install) by extensions ['ignore', 'ignore_ament_install']
[0.274s] Level 1:colcon.colcon_core.package_identification:_identify(install) by extension 'ignore'
[0.274s] Level 1:colcon.colcon_core.package_identification:_identify(install) ignored
[0.274s] Level 1:colcon.colcon_core.package_identification:_identify(log) by extensions ['ignore', 'ignore_ament_install']
[0.274s] Level 1:colcon.colcon_core.package_identification:_identify(log) by extension 'ignore'
[0.274s] Level 1:colcon.colcon_core.package_identification:_identify(log) ignored
[0.274s] Level 1:colcon.colcon_core.package_identification:_identify(scara_bringup) by extensions ['ignore', 'ignore_ament_install']
[0.274s] Level 1:colcon.colcon_core.package_identification:_identify(scara_bringup) by extension 'ignore'
[0.274s] Level 1:colcon.colcon_core.package_identification:_identify(scara_bringup) by extension 'ignore_ament_install'
[0.274s] Level 1:colcon.colcon_core.package_identification:_identify(scara_bringup) by extensions ['colcon_pkg']
[0.274s] Level 1:colcon.colcon_core.package_identification:_identify(scara_bringup) by extension 'colcon_pkg'
[0.275s] Level 1:colcon.colcon_core.package_identification:_identify(scara_bringup) by extensions ['colcon_meta']
[0.275s] Level 1:colcon.colcon_core.package_identification:_identify(scara_bringup) by extension 'colcon_meta'
[0.275s] Level 1:colcon.colcon_core.package_identification:_identify(scara_bringup) by extensions ['ros']
[0.275s] Level 1:colcon.colcon_core.package_identification:_identify(scara_bringup) by extension 'ros'
[0.277s] DEBUG:colcon.colcon_core.package_identification:Package 'scara_bringup' with type 'ros.ament_cmake' and name 'scara_bringup'
[0.277s] Level 1:colcon.colcon_core.package_identification:_identify(scara_description) by extensions ['ignore', 'ignore_ament_install']
[0.277s] Level 1:colcon.colcon_core.package_identification:_identify(scara_description) by extension 'ignore'
[0.277s] Level 1:colcon.colcon_core.package_identification:_identify(scara_description) by extension 'ignore_ament_install'
[0.277s] Level 1:colcon.colcon_core.package_identification:_identify(scara_description) by extensions ['colcon_pkg']
[0.277s] Level 1:colcon.colcon_core.package_identification:_identify(scara_description) by extension 'colcon_pkg'
[0.277s] Level 1:colcon.colcon_core.package_identification:_identify(scara_description) by extensions ['colcon_meta']
[0.277s] Level 1:colcon.colcon_core.package_identification:_identify(scara_description) by extension 'colcon_meta'
[0.277s] Level 1:colcon.colcon_core.package_identification:_identify(scara_description) by extensions ['ros']
[0.277s] Level 1:colcon.colcon_core.package_identification:_identify(scara_description) by extension 'ros'
[0.278s] DEBUG:colcon.colcon_core.package_identification:Package 'scara_description' with type 'ros.ament_cmake' and name 'scara_description'
[0.278s] Level 1:colcon.colcon_core.package_discovery:discover_packages(recursive) using defaults
[0.278s] Level 1:colcon.colcon_core.package_discovery:discover_packages(ignore) discover
[0.278s] Level 1:colcon.colcon_core.package_discovery:discover_packages(ignore) using defaults
[0.278s] Level 1:colcon.colcon_core.package_discovery:discover_packages(path) discover
[0.278s] Level 1:colcon.colcon_core.package_discovery:discover_packages(path) using defaults
[0.296s] Level 1:colcon.colcon_core.package_discovery:discover_packages(prefix_path) check parameters
[0.296s] Level 1:colcon.colcon_core.package_discovery:discover_packages(prefix_path) discover
[0.298s] DEBUG:colcon.colcon_installed_package_information.package_discovery:Found 2 installed packages in /home/moose/ros2_ws/install
[0.299s] DEBUG:colcon.colcon_installed_package_information.package_discovery:Found 294 installed packages in /opt/ros/humble
[0.312s] Level 1:colcon.colcon_core.package_discovery:discover_packages(prefix_path) using defaults
[0.354s] Level 5:colcon.colcon_core.verb:set package 'scara_bringup' build argument 'cmake_args' from command line to 'None'
[0.354s] Level 5:colcon.colcon_core.verb:set package 'scara_bringup' build argument 'cmake_target' from command line to 'None'
[0.354s] Level 5:colcon.colcon_core.verb:set package 'scara_bringup' build argument 'cmake_target_skip_unavailable' from command line to 'False'
[0.354s] Level 5:colcon.colcon_core.verb:set package 'scara_bringup' build argument 'cmake_clean_cache' from command line to 'False'
[0.354s] Level 5:colcon.colcon_core.verb:set package 'scara_bringup' build argument 'cmake_clean_first' from command line to 'False'
[0.354s] Level 5:colcon.colcon_core.verb:set package 'scara_bringup' build argument 'cmake_force_configure' from command line to 'False'
[0.354s] Level 5:colcon.colcon_core.verb:set package 'scara_bringup' build argument 'ament_cmake_args' from command line to 'None'
[0.354s] Level 5:colcon.colcon_core.verb:set package 'scara_bringup' build argument 'catkin_cmake_args' from command line to 'None'
[0.354s] Level 5:colcon.colcon_core.verb:set package 'scara_bringup' build argument 'catkin_skip_building_tests' from command line to 'False'
[0.354s] DEBUG:colcon.colcon_core.verb:Building package 'scara_bringup' with the following arguments: {'ament_cmake_args': None, 'build_base': '/home/moose/ros2_ws/src/build/scara_bringup', 'catkin_cmake_args': None, 'catkin_skip_building_tests': False, 'cmake_args': None, 'cmake_clean_cache': False, 'cmake_clean_first': False, 'cmake_force_configure': False, 'cmake_target': None, 'cmake_target_skip_unavailable': False, 'install_base': '/home/moose/ros2_ws/src/install/scara_bringup', 'merge_install': False, 'path': '/home/moose/ros2_ws/src/scara_bringup', 'symlink_install': False, 'test_result_base': None}
[0.354s] Level 5:colcon.colcon_core.verb:set package 'scara_description' build argument 'cmake_args' from command line to 'None'
[0.354s] Level 5:colcon.colcon_core.verb:set package 'scara_description' build argument 'cmake_target' from command line to 'None'
[0.354s] Level 5:colcon.colcon_core.verb:set package 'scara_description' build argument 'cmake_target_skip_unavailable' from command line to 'False'
[0.354s] Level 5:colcon.colcon_core.verb:set package 'scara_description' build argument 'cmake_clean_cache' from command line to 'False'
[0.354s] Level 5:colcon.colcon_core.verb:set package 'scara_description' build argument 'cmake_clean_first' from command line to 'False'
[0.354s] Level 5:colcon.colcon_core.verb:set package 'scara_description' build argument 'cmake_force_configure' from command line to 'False'
[0.354s] Level 5:colcon.colcon_core.verb:set package 'scara_description' build argument 'ament_cmake_args' from command line to 'None'
[0.354s] Level 5:colcon.colcon_core.verb:set package 'scara_description' build argument 'catkin_cmake_args' from command line to 'None'
[0.354s] Level 5:colcon.colcon_core.verb:set package 'scara_description' build argument 'catkin_skip_building_tests' from command line to 'False'
[0.354s] DEBUG:colcon.colcon_core.verb:Building package 'scara_description' with the following arguments: {'ament_cmake_args': None, 'build_base': '/home/moose/ros2_ws/src/build/scara_description', 'catkin_cmake_args': None, 'catkin_skip_building_tests': False, 'cmake_args': None, 'cmake_clean_cache': False, 'cmake_clean_first': False, 'cmake_force_configure': False, 'cmake_target': None, 'cmake_target_skip_unavailable': False, 'install_base': '/home/moose/ros2_ws/src/install/scara_description', 'merge_install': False, 'path': '/home/moose/ros2_ws/src/scara_description', 'symlink_install': False, 'test_result_base': None}
[0.355s] INFO:colcon.colcon_core.executor:Executing jobs using 'parallel' executor
[0.356s] DEBUG:colcon.colcon_parallel_executor.executor.parallel:run_until_complete
[0.356s] INFO:colcon.colcon_ros.task.ament_cmake.build:Building ROS package in '/home/moose/ros2_ws/src/scara_bringup' with build type 'ament_cmake'
[0.356s] INFO:colcon.colcon_cmake.task.cmake.build:Building CMake package in '/home/moose/ros2_ws/src/scara_bringup'
[0.358s] INFO:colcon.colcon_core.plugin_system:Skipping extension 'colcon_core.shell.bat': Not used on non-Windows systems
[0.358s] INFO:colcon.colcon_core.shell:Skip shell extension 'powershell' for command environment: Not usable outside of PowerShell
[0.358s] DEBUG:colcon.colcon_core.shell:Skip shell extension 'dsv' for command environment
[0.361s] INFO:colcon.colcon_ros.task.ament_cmake.build:Building ROS package in '/home/moose/ros2_ws/src/scara_description' with build type 'ament_cmake'
[0.361s] INFO:colcon.colcon_cmake.task.cmake.build:Building CMake package in '/home/moose/ros2_ws/src/scara_description'
[0.362s] INFO:colcon.colcon_core.shell:Skip shell extension 'powershell' for command environment: Not usable outside of PowerShell
[0.362s] DEBUG:colcon.colcon_core.shell:Skip shell extension 'dsv' for command environment
[0.367s] DEBUG:colcon.colcon_core.event_handler.log_command:Invoking command in '/home/moose/ros2_ws/src/build/scara_bringup': CMAKE_PREFIX_PATH=${CMAKE_PREFIX_PATH}:/opt/ros/humble /usr/bin/cmake /home/moose/ros2_ws/src/scara_bringup -DCMAKE_INSTALL_PREFIX=/home/moose/ros2_ws/src/install/scara_bringup
[0.373s] DEBUG:colcon.colcon_core.event_handler.log_command:Invoking command in '/home/moose/ros2_ws/src/build/scara_description': CMAKE_PREFIX_PATH=${CMAKE_PREFIX_PATH}:/opt/ros/humble /usr/bin/cmake /home/moose/ros2_ws/src/scara_description -DCMAKE_INSTALL_PREFIX=/home/moose/ros2_ws/src/install/scara_description
[3.166s] DEBUG:colcon.colcon_core.event_handler.log_command:Invoked command in '/home/moose/ros2_ws/src/build/scara_bringup' returned '0': CMAKE_PREFIX_PATH=${CMAKE_PREFIX_PATH}:/opt/ros/humble /usr/bin/cmake /home/moose/ros2_ws/src/scara_bringup -DCMAKE_INSTALL_PREFIX=/home/moose/ros2_ws/src/install/scara_bringup
[3.168s] DEBUG:colcon.colcon_core.event_handler.log_command:Invoking command in '/home/moose/ros2_ws/src/build/scara_bringup': CMAKE_PREFIX_PATH=${CMAKE_PREFIX_PATH}:/opt/ros/humble /usr/bin/cmake --build /home/moose/ros2_ws/src/build/scara_bringup -- -j8 -l8
[3.168s] DEBUG:colcon.colcon_core.event_handler.log_command:Invoked command in '/home/moose/ros2_ws/src/build/scara_description' returned '0': CMAKE_PREFIX_PATH=${CMAKE_PREFIX_PATH}:/opt/ros/humble /usr/bin/cmake /home/moose/ros2_ws/src/scara_description -DCMAKE_INSTALL_PREFIX=/home/moose/ros2_ws/src/install/scara_description
[3.170s] DEBUG:colcon.colcon_core.event_handler.log_command:Invoking command in '/home/moose/ros2_ws/src/build/scara_description': CMAKE_PREFIX_PATH=${CMAKE_PREFIX_PATH}:/opt/ros/humble /usr/bin/cmake --build /home/moose/ros2_ws/src/build/scara_description -- -j8 -l8
[3.200s] DEBUG:colcon.colcon_core.event_handler.log_command:Invoked command in '/home/moose/ros2_ws/src/build/scara_description' returned '0': CMAKE_PREFIX_PATH=${CMAKE_PREFIX_PATH}:/opt/ros/humble /usr/bin/cmake --build /home/moose/ros2_ws/src/build/scara_description -- -j8 -l8
[3.202s] DEBUG:colcon.colcon_core.event_handler.log_command:Invoked command in '/home/moose/ros2_ws/src/build/scara_bringup' returned '0': CMAKE_PREFIX_PATH=${CMAKE_PREFIX_PATH}:/opt/ros/humble /usr/bin/cmake --build /home/moose/ros2_ws/src/build/scara_bringup -- -j8 -l8
[3.228s] DEBUG:colcon.colcon_core.event_handler.log_command:Invoking command in '/home/moose/ros2_ws/src/build/scara_description': CMAKE_PREFIX_PATH=${CMAKE_PREFIX_PATH}:/opt/ros/humble /usr/bin/cmake --install /home/moose/ros2_ws/src/build/scara_description
[3.230s] DEBUG:colcon.colcon_core.event_handler.log_command:Invoking command in '/home/moose/ros2_ws/src/build/scara_bringup': CMAKE_PREFIX_PATH=${CMAKE_PREFIX_PATH}:/opt/ros/humble /usr/bin/cmake --install /home/moose/ros2_ws/src/build/scara_bringup
[3.241s] Level 1:colcon.colcon_core.environment:create_environment_scripts_only(scara_bringup)
[3.243s] DEBUG:colcon.colcon_core.event_handler.log_command:Invoked command in '/home/moose/ros2_ws/src/build/scara_bringup' returned '0': CMAKE_PREFIX_PATH=${CMAKE_PREFIX_PATH}:/opt/ros/humble /usr/bin/cmake --install /home/moose/ros2_ws/src/build/scara_bringup
[3.245s] Level 1:colcon.colcon_core.environment:checking '/home/moose/ros2_ws/src/install/scara_bringup' for CMake module files
[3.245s] Level 1:colcon.colcon_core.environment:checking '/home/moose/ros2_ws/src/install/scara_bringup' for CMake config files
[3.246s] Level 1:colcon.colcon_core.shell:create_environment_hook('scara_bringup', 'cmake_prefix_path')
[3.246s] INFO:colcon.colcon_core.shell:Creating environment hook '/home/moose/ros2_ws/src/install/scara_bringup/share/scara_bringup/hook/cmake_prefix_path.ps1'
[3.246s] INFO:colcon.colcon_core.shell:Creating environment descriptor '/home/moose/ros2_ws/src/install/scara_bringup/share/scara_bringup/hook/cmake_prefix_path.dsv'
[3.247s] INFO:colcon.colcon_core.shell:Creating environment hook '/home/moose/ros2_ws/src/install/scara_bringup/share/scara_bringup/hook/cmake_prefix_path.sh'
[3.248s] Level 1:colcon.colcon_core.environment:checking '/home/moose/ros2_ws/src/install/scara_bringup/bin'
[3.248s] Level 1:colcon.colcon_core.environment:checking '/home/moose/ros2_ws/src/install/scara_bringup/lib/pkgconfig/scara_bringup.pc'
[3.248s] Level 1:colcon.colcon_core.environment:checking '/home/moose/ros2_ws/src/install/scara_bringup/lib/python3.10/site-packages'
[3.248s] Level 1:colcon.colcon_core.environment:checking '/home/moose/ros2_ws/src/install/scara_bringup/bin'
[3.249s] INFO:colcon.colcon_core.shell:Creating package script '/home/moose/ros2_ws/src/install/scara_bringup/share/scara_bringup/package.ps1'
[3.249s] INFO:colcon.colcon_core.shell:Creating package descriptor '/home/moose/ros2_ws/src/install/scara_bringup/share/scara_bringup/package.dsv'
[3.250s] INFO:colcon.colcon_core.shell:Creating package script '/home/moose/ros2_ws/src/install/scara_bringup/share/scara_bringup/package.sh'
[3.251s] INFO:colcon.colcon_core.shell:Creating package script '/home/moose/ros2_ws/src/install/scara_bringup/share/scara_bringup/package.bash'
[3.251s] INFO:colcon.colcon_core.shell:Creating package script '/home/moose/ros2_ws/src/install/scara_bringup/share/scara_bringup/package.zsh'
[3.252s] Level 1:colcon.colcon_core.environment:create_file_with_runtime_dependencies(/home/moose/ros2_ws/src/install/scara_bringup/share/colcon-core/packages/scara_bringup)
[3.253s] Level 1:colcon.colcon_core.environment:create_environment_scripts_only(scara_description)
[3.253s] Level 1:colcon.colcon_core.environment:checking '/home/moose/ros2_ws/src/install/scara_description' for CMake module files
[3.254s] DEBUG:colcon.colcon_core.event_handler.log_command:Invoked command in '/home/moose/ros2_ws/src/build/scara_description' returned '0': CMAKE_PREFIX_PATH=${CMAKE_PREFIX_PATH}:/opt/ros/humble /usr/bin/cmake --install /home/moose/ros2_ws/src/build/scara_description
[3.254s] Level 1:colcon.colcon_core.environment:checking '/home/moose/ros2_ws/src/install/scara_description' for CMake config files
[3.254s] Level 1:colcon.colcon_core.shell:create_environment_hook('scara_description', 'cmake_prefix_path')
[3.254s] INFO:colcon.colcon_core.shell:Creating environment hook '/home/moose/ros2_ws/src/install/scara_description/share/scara_description/hook/cmake_prefix_path.ps1'
[3.255s] INFO:colcon.colcon_core.shell:Creating environment descriptor '/home/moose/ros2_ws/src/install/scara_description/share/scara_description/hook/cmake_prefix_path.dsv'
[3.255s] INFO:colcon.colcon_core.shell:Creating environment hook '/home/moose/ros2_ws/src/install/scara_description/share/scara_description/hook/cmake_prefix_path.sh'
[3.255s] Level 1:colcon.colcon_core.environment:checking '/home/moose/ros2_ws/src/install/scara_description/bin'
[3.256s] Level 1:colcon.colcon_core.environment:checking '/home/moose/ros2_ws/src/install/scara_description/lib/pkgconfig/scara_description.pc'
[3.256s] Level 1:colcon.colcon_core.environment:checking '/home/moose/ros2_ws/src/install/scara_description/lib/python3.10/site-packages'
[3.256s] Level 1:colcon.colcon_core.environment:checking '/home/moose/ros2_ws/src/install/scara_description/bin'
[3.256s] INFO:colcon.colcon_core.shell:Creating package script '/home/moose/ros2_ws/src/install/scara_description/share/scara_description/package.ps1'
[3.257s] INFO:colcon.colcon_core.shell:Creating package descriptor '/home/moose/ros2_ws/src/install/scara_description/share/scara_description/package.dsv'
[3.257s] INFO:colcon.colcon_core.shell:Creating package script '/home/moose/ros2_ws/src/install/scara_description/share/scara_description/package.sh'
[3.258s] INFO:colcon.colcon_core.shell:Creating package script '/home/moose/ros2_ws/src/install/scara_description/share/scara_description/package.bash'
[3.258s] INFO:colcon.colcon_core.shell:Creating package script '/home/moose/ros2_ws/src/install/scara_description/share/scara_description/package.zsh'
[3.258s] Level 1:colcon.colcon_core.environment:create_file_with_runtime_dependencies(/home/moose/ros2_ws/src/install/scara_description/share/colcon-core/packages/scara_description)
[3.270s] Level 1:colcon.colcon_core.environment:create_environment_scripts_only(scara_bringup)
[3.270s] Level 1:colcon.colcon_core.environment:checking '/home/moose/ros2_ws/src/install/scara_bringup' for CMake module files
[3.270s] Level 1:colcon.colcon_core.environment:checking '/home/moose/ros2_ws/src/install/scara_bringup' for CMake config files
[3.271s] Level 1:colcon.colcon_core.shell:create_environment_hook('scara_bringup', 'cmake_prefix_path')
[3.271s] INFO:colcon.colcon_core.shell:Creating environment hook '/home/moose/ros2_ws/src/install/scara_bringup/share/scara_bringup/hook/cmake_prefix_path.ps1'
[3.271s] INFO:colcon.colcon_core.shell:Creating environment descriptor '/home/moose/ros2_ws/src/install/scara_bringup/share/scara_bringup/hook/cmake_prefix_path.dsv'
[3.272s] INFO:colcon.colcon_core.shell:Creating environment hook '/home/moose/ros2_ws/src/install/scara_bringup/share/scara_bringup/hook/cmake_prefix_path.sh'
[3.272s] Level 1:colcon.colcon_core.environment:checking '/home/moose/ros2_ws/src/install/scara_bringup/bin'
[3.272s] Level 1:colcon.colcon_core.environment:checking '/home/moose/ros2_ws/src/install/scara_bringup/lib/pkgconfig/scara_bringup.pc'
[3.273s] Level 1:colcon.colcon_core.environment:checking '/home/moose/ros2_ws/src/install/scara_bringup/lib/python3.10/site-packages'
[3.273s] Level 1:colcon.colcon_core.environment:checking '/home/moose/ros2_ws/src/install/scara_bringup/bin'
[3.273s] INFO:colcon.colcon_core.shell:Creating package script '/home/moose/ros2_ws/src/install/scara_bringup/share/scara_bringup/package.ps1'
[3.274s] INFO:colcon.colcon_core.shell:Creating package descriptor '/home/moose/ros2_ws/src/install/scara_bringup/share/scara_bringup/package.dsv'
[3.274s] INFO:colcon.colcon_core.shell:Creating package script '/home/moose/ros2_ws/src/install/scara_bringup/share/scara_bringup/package.sh'
[3.275s] INFO:colcon.colcon_core.shell:Creating package script '/home/moose/ros2_ws/src/install/scara_bringup/share/scara_bringup/package.bash'
[3.275s] INFO:colcon.colcon_core.shell:Creating package script '/home/moose/ros2_ws/src/install/scara_bringup/share/scara_bringup/package.zsh'
[3.276s] Level 1:colcon.colcon_core.environment:create_file_with_runtime_dependencies(/home/moose/ros2_ws/src/install/scara_bringup/share/colcon-core/packages/scara_bringup)
[3.277s] Level 1:colcon.colcon_core.environment:create_environment_scripts_only(scara_description)
[3.277s] Level 1:colcon.colcon_core.environment:checking '/home/moose/ros2_ws/src/install/scara_description' for CMake module files
[3.278s] Level 1:colcon.colcon_core.environment:checking '/home/moose/ros2_ws/src/install/scara_description' for CMake config files
[3.278s] Level 1:colcon.colcon_core.shell:create_environment_hook('scara_description', 'cmake_prefix_path')
[3.278s] INFO:colcon.colcon_core.shell:Creating environment hook '/home/moose/ros2_ws/src/install/scara_description/share/scara_description/hook/cmake_prefix_path.ps1'
[3.279s] INFO:colcon.colcon_core.shell:Creating environment descriptor '/home/moose/ros2_ws/src/install/scara_description/share/scara_description/hook/cmake_prefix_path.dsv'
[3.279s] INFO:colcon.colcon_core.shell:Creating environment hook '/home/moose/ros2_ws/src/install/scara_description/share/scara_description/hook/cmake_prefix_path.sh'
[3.279s] Level 1:colcon.colcon_core.environment:checking '/home/moose/ros2_ws/src/install/scara_description/bin'
[3.280s] Level 1:colcon.colcon_core.environment:checking '/home/moose/ros2_ws/src/install/scara_description/lib/pkgconfig/scara_description.pc'
[3.280s] Level 1:colcon.colcon_core.environment:checking '/home/moose/ros2_ws/src/install/scara_description/lib/python3.10/site-packages'
[3.280s] Level 1:colcon.colcon_core.environment:checking '/home/moose/ros2_ws/src/install/scara_description/bin'
[3.280s] INFO:colcon.colcon_core.shell:Creating package script '/home/moose/ros2_ws/src/install/scara_description/share/scara_description/package.ps1'
[3.281s] INFO:colcon.colcon_core.shell:Creating package descriptor '/home/moose/ros2_ws/src/install/scara_description/share/scara_description/package.dsv'
[3.281s] INFO:colcon.colcon_core.shell:Creating package script '/home/moose/ros2_ws/src/install/scara_description/share/scara_description/package.sh'
[3.282s] INFO:colcon.colcon_core.shell:Creating package script '/home/moose/ros2_ws/src/install/scara_description/share/scara_description/package.bash'
[3.282s] INFO:colcon.colcon_core.shell:Creating package script '/home/moose/ros2_ws/src/install/scara_description/share/scara_description/package.zsh'
[3.283s] Level 1:colcon.colcon_core.environment:create_file_with_runtime_dependencies(/home/moose/ros2_ws/src/install/scara_description/share/colcon-core/packages/scara_description)
[3.283s] DEBUG:colcon.colcon_parallel_executor.executor.parallel:closing loop
[3.283s] DEBUG:colcon.colcon_parallel_executor.executor.parallel:loop closed
[3.283s] DEBUG:colcon.colcon_parallel_executor.executor.parallel:run_until_complete finished with '0'
[3.283s] DEBUG:colcon.colcon_core.event_reactor:joining thread
[3.288s] INFO:colcon.colcon_core.plugin_system:Skipping extension 'colcon_notification.desktop_notification.terminal_notifier': Not used on non-Darwin systems
[3.288s] INFO:colcon.colcon_core.plugin_system:Skipping extension 'colcon_notification.desktop_notification.win32': Not used on non-Windows systems
[3.288s] INFO:colcon.colcon_notification.desktop_notification:Sending desktop notification using 'notify2'
[3.299s] DEBUG:colcon.colcon_core.event_reactor:joined thread
[3.300s] INFO:colcon.colcon_core.shell:Creating prefix script '/home/moose/ros2_ws/src/install/local_setup.ps1'
[3.301s] INFO:colcon.colcon_core.shell:Creating prefix util module '/home/moose/ros2_ws/src/install/_local_setup_util_ps1.py'
[3.303s] INFO:colcon.colcon_core.shell:Creating prefix chain script '/home/moose/ros2_ws/src/install/setup.ps1'
[3.304s] INFO:colcon.colcon_core.shell:Creating prefix script '/home/moose/ros2_ws/src/install/local_setup.sh'
[3.304s] INFO:colcon.colcon_core.shell:Creating prefix util module '/home/moose/ros2_ws/src/install/_local_setup_util_sh.py'
[3.305s] INFO:colcon.colcon_core.shell:Creating prefix chain script '/home/moose/ros2_ws/src/install/setup.sh'
[3.306s] INFO:colcon.colcon_core.shell:Creating prefix script '/home/moose/ros2_ws/src/install/local_setup.bash'
[3.307s] INFO:colcon.colcon_core.shell:Creating prefix chain script '/home/moose/ros2_ws/src/install/setup.bash'
[3.308s] INFO:colcon.colcon_core.shell:Creating prefix script '/home/moose/ros2_ws/src/install/local_setup.zsh'
[3.308s] INFO:colcon.colcon_core.shell:Creating prefix chain script '/home/moose/ros2_ws/src/install/setup.zsh'
